<?xml version="1.0" encoding="UTF-8" standalone="no"?>
<?xml-model href="https://raw.githubusercontent.com/music-encoding/music-encoding/master/schemata/mei-all.rng" type="application/xml" schematypens="http://relaxng.org/ns/structure/1.0"?>
<?xml-model href="https://raw.githubusercontent.com/music-encoding/music-encoding/master/schemata/mei-all.rng" type="application/xml" schematypens="http://purl.oclc.org/dsdl/schematron"?>
<mei xmlns="http://www.music-encoding.org/ns/mei" xmlns:xlink="http://www.w3.org/1999/xlink"
  meiversion="3.0.0"/>
